---- Wed Dec 31 11:06:47 AM EAT 2025 ----
[main 810477f] Daily auto-commit: 2025-12-31 11:06
 2 files changed, 2 insertions(+)
 create mode 100644 README.md
 create mode 100644 auto_git.log
To https://github.com/Papaa14/Rust_api.git
   71eec39..810477f  main -> main
Changes committed and pushed.
---- Wed Dec 31 12:00:01 PM EAT 2025 ----
[main 8e969dc] Daily auto-commit: 2025-12-31 12:00
 1 file changed, 8 insertions(+)
To https://github.com/Papaa14/Rust_api.git
   810477f..8e969dc  main -> main
Changes committed and pushed.
---- Thu Jan  1 12:00:01 PM EAT 2026 ----
[main 9162cc3] Daily auto-commit: 2026-01-01 12:00
 1 file changed, 6 insertions(+)
To https://github.com/Papaa14/Rust_api.git
   8e969dc..9162cc3  main -> main
Changes committed and pushed.
---- Fri Jan  2 12:00:01 PM EAT 2026 ----
[main c5392eb] Daily auto-commit: 2026-01-02 12:00
 1 file changed, 6 insertions(+)
To https://github.com/Papaa14/Rust_api.git
   9162cc3..c5392eb  main -> main
Changes committed and pushed.
---- Sat Jan  3 12:00:01 PM EAT 2026 ----
[main 09425f0] Daily auto-commit: 2026-01-03 12:00
 1 file changed, 6 insertions(+)
To https://github.com/Papaa14/Rust_api.git
   c5392eb..09425f0  main -> main
Changes committed and pushed.
---- Sun Jan  4 12:00:01 PM EAT 2026 ----
